<?xml version="1.0" encoding="UTF-8"?>
<testsuite xmlns:xsi="http://www.w3.org/2001/XMLSchema-instance" xsi:noNamespaceSchemaLocation="https://maven.apache.org/surefire/maven-surefire-plugin/xsd/surefire-test-report.xsd" version="3.0.2" name="com.digit.employee.service.EmployeeVersioningTest" time="0.145" tests="10" errors="0" skipped="0" failures="0">
  <properties>
[...]
</properties>
  <testcase name="updateJurisdiction_missingVersion_is400" classname="com.digit.employee.service.EmployeeVersioningTest" time="0.057"/>
  <testcase name="updateEmployee_staleVersion_is409" classname="com.digit.employee.service.EmployeeVersioningTest" time="0.012"/>
  <testcase name="reconcile_idWithoutVersion_is400" classname="com.digit.employee.service.EmployeeVersioningTest" time="0.008"/>
  <testcase name="reconcile_emptyArray_deactivatesAll" classname="com.digit.employee.service.EmployeeVersioningTest" time="0.004"/>
  <testcase name="reconcile_idLessInsert_isKeptNotDeactivated" classname="com.digit.employee.service.EmployeeVersioningTest" time="0.031"/>
  <testcase name="reconcile_foreignId_is404" classname="com.digit.employee.service.EmployeeVersioningTest" time="0.003"/>
  <testcase name="updateEmployee_missingVersion_is400" classname="com.digit.employee.service.EmployeeVersioningTest" time="0.003"/>
  <testcase name="patchEmployee_staleVersion_is409" classname="com.digit.employee.service.EmployeeVersioningTest" time="0.003"/>
  <testcase name="createJurisdiction_setsVersion1" classname="com.digit.employee.service.EmployeeVersioningTest" time="0.005"/>
  <testcase name="updateJurisdiction_staleVersion_is409" classname="com.digit.employee.service.EmployeeVersioningTest" time="0.004"/>
</testsuite>